T4538 000:000.515   SEGGER J-Link V7.98b Log File
T4538 000:000.646   DLL Compiled: Jul 31 2024 16:10:46
T4538 000:000.652   Logging started @ 2026-06-25 07:28
T4538 000:000.657   Process: C:\Users\SSAFY\.eclipse\com.renesas.platform_1435879475\DebugComp\RA\e2-server-gdb.exe
T4538 000:000.663 - 0.661ms
T4538 000:000.676 JLINK_GetDLLVersion()
T4538 000:000.682 - 0.006ms returns 79802
T4538 000:002.877 JLINK_OpenEx(...)
T4538 000:007.450   Firmware: J-Link OB-S124 compiled Aug 13 2025 10:35:02
T4538 000:008.487   Firmware: J-Link OB-S124 compiled Aug 13 2025 10:35:02
T4538 000:033.214   Hardware: V1.00
T4538 000:033.251   S/N: 831546536
T4538 000:033.261   OEM: SEGGER
T4538 000:033.271   Feature(s): None
T4538 000:034.392   Bootloader: 2019 Oct 15
T4538 000:035.340   USB speed mode: Full speed (12 MBit/s)
T4538 000:036.295   TELNET listener socket opened on port 19021
T4538 000:036.569   WEBSRV WEBSRV_Init(): Starting webserver thread(s)
T4538 000:036.893   WEBSRV Webserver running on local port 19080
T4538 000:037.106   Looking for J-Link GUI Server exe at: C:\Users\SSAFY\.eclipse\com.renesas.platform_1435879475\DebugComp\RA\ARM\Segger_v7.98.2\JLinkGUIServer.exe
T4538 000:037.298   Looking for J-Link GUI Server exe at: \JLinkGUIServer.exe
T4538 000:343.615   Failed to connect to J-Link GUI Server.
T4538 000:343.724 - 340.830ms returns "O.K."
T4538 000:344.023 JLINK_ExecCommand("ProjectFile=C:\Users\SSAFY\e2_studio\workspace\1st_pjt_rccar_ota/1st_pjt_rccar_ota.elf.jlink", ...). 
T4538 000:371.661 - 27.650ms returns 0x00
T4538 000:371.960 JLINK_ExecCommand("device=R7FA6E10F", ...). 
T4538 000:372.854   Flash bank @ 0x0100A100: SFL: Parsing sectorization info from ELF file
T4538 000:372.871     FlashDevice.SectorInfo[0]: .SectorSize = 0x00000010, .SectorStartAddr = 0x00000000
T4538 000:372.879   FlashBank @0x0100A100: Sectorization info from SFL ELF file ignored because sectorization override from DLL / XML file is active.
T4538 000:373.219   Flash bank @ 0x60000000: SFL: Parsing sectorization info from ELF file
T4538 000:373.232     FlashDevice.SectorInfo[0]: .SectorSize = 0x00010000, .SectorStartAddr = 0x00000000
T4538 000:376.403   Device "R7FA6E10F" selected.
T4538 000:376.675 - 4.703ms returns 0x00
T4538 000:376.688 JLINK_TIF_GetAvailable(...)
T4538 000:377.030 - 0.341ms
T4538 000:377.049 JLINK_TIF_Select(JLINKARM_TIF_SWD)
T4538 000:378.190 - 1.140ms returns 0x00
T4538 000:378.212 JLINK_SetSpeed(4000)
T4538 000:378.337 - 0.126ms
T4538 000:378.367 JLINK_ReadMem(0xE000EDF0, 0x4 Bytes, ...)
T4538 000:378.639   ConfigTargetSettings() start
T4538 000:378.649    J-Link Script File: Executing ConfigTargetSettings()
T4538 000:378.659   Configuring FlashDLNoRMWThreshold=0x200 in order to make sure that option bytes programming is done via read-modify-write
T4538 000:383.872   ConfigTargetSettings() end - Took 5.22ms
T4538 000:383.888   InitTarget() start
T4538 000:383.896    J-Link Script File: Executing InitTarget()
T4538 000:383.902   SWD selected. Executing JTAG -> SWD switching sequence.
T4538 000:387.578   DAP initialized successfully.
T4538 000:387.610   Determining TrustZone configuration...
T4538 000:389.855     Secure Debug: Enabled (SSD)
T4538 000:389.949   Determining currently configured transfer type by reading the AHB-AP CSW register.
T4538 000:391.625     --> Correct transfer type configured. Done.
T4538 000:391.640   InitTarget() end - Took 7.74ms
T4538 000:392.761   Found SW-DP with ID 0x6BA02477
T4538 000:397.045   DPIDR: 0x6BA02477
T4538 000:397.122   CoreSight SoC-400 or earlier
T4538 000:397.129   Scanning AP map to find all available APs
T4538 000:399.131   AP[2]: Stopped AP scan as end of AP map has been reached
T4538 000:399.161   AP[0]: AHB-AP (IDR: 0x84770001)
T4538 000:399.168   AP[1]: APB-AP (IDR: 0x54770002)
T4538 000:399.176   Iterating through AP map to find AHB-AP to use
T4538 000:400.852   AP[0]: Core found
T4538 000:400.864   AP[0]: AHB-AP ROM base: 0xE00FE000
T4538 000:401.808   CPUID register: 0x410FD214. Implementer code: 0x41 (ARM)
T4538 000:401.840   Feature set: Mainline
T4538 000:402.798   Cache: No cache
T4538 000:402.808   Found Cortex-M33 r0p4, Little endian.
T4538 000:403.364   -- Max. mem block: 0x000019D8
T4538 000:404.906   CPU_ReadMem(4 bytes @ 0xE000EDF0)
T4538 000:405.921   CPU_ReadMem(4 bytes @ 0xE0002000)
T4538 000:406.631   FPUnit: 8 code (BP) slots and 0 literal slots
T4538 000:406.672   CPU_ReadMem(4 bytes @ 0xE000EDFC)
T4538 000:407.298   CPU_ReadMem(4 bytes @ 0xE0001000)
T4538 000:407.964   CPU_ReadMem(4 bytes @ 0xE0001000)
T4538 000:408.590   CPU_ReadMem(4 bytes @ 0xE0001028)
T4538 000:409.170   CPU_ReadMem(4 bytes @ 0xE0001038)
T4538 000:409.957   CPU_ReadMem(4 bytes @ 0xE0001048)
T4538 000:410.584   CPU_ReadMem(4 bytes @ 0xE0001058)
T4538 000:411.327   CPU_WriteMem(4 bytes @ 0xE0001000)
T4538 000:412.019   CPU_ReadMem(4 bytes @ 0xE000ED88)
T4538 000:412.684   CPU_WriteMem(4 bytes @ 0xE000ED88)
T4538 000:413.309   CPU_ReadMem(4 bytes @ 0xE000ED88)
T4538 000:414.036   CPU_WriteMem(4 bytes @ 0xE000ED88)
T4538 000:414.774   CPU_ReadMem(4 bytes @ 0xE000EFB8)
T4538 000:415.425   Security extension: implemented
T4538 000:415.452   Secure debug: enabled
T4538 000:415.469   CoreSight components:
T4538 000:415.481   ROMTbl[0] @ E00FE000
T4538 000:415.495   CPU_ReadMem(64 bytes @ 0xE00FE000)
T4538 000:416.972   CPU_ReadMem(32 bytes @ 0xE0044FE0)
T4538 000:417.956   CPU_ReadMem(4 bytes @ 0xE0044FBC)
T4538 000:418.556   CPU_ReadMem(4 bytes @ 0xE0044FCC)
T4538 000:419.226   [0][0]: E0044000 CID B105900D PID 005BB906 DEVARCH 00000000 DEVTYPE 14 CTI (?)
T4538 000:419.245   CPU_ReadMem(32 bytes @ 0xE0047FE0)
T4538 000:420.215   CPU_ReadMem(4 bytes @ 0xE0047FBC)
T4538 000:420.903   CPU_ReadMem(4 bytes @ 0xE0047FCC)
T4538 000:421.585   [0][1]: E0047000 CID B105900D PID 003BB908 DEVARCH 00000000 DEVTYPE 12 CSTF
T4538 000:421.605   CPU_ReadMem(32 bytes @ 0xE0048FE0)
T4538 000:422.623   CPU_ReadMem(4 bytes @ 0xE0048FBC)
T4538 000:423.260   CPU_ReadMem(4 bytes @ 0xE0048FCC)
T4538 000:423.949   [0][2]: E0048000 CID B105900D PID 001BB961 DEVARCH 00000000 DEVTYPE 21 ETB
T4538 000:423.987   CPU_ReadMem(32 bytes @ 0xE0049FE0)
T4538 000:424.989   [0][3]: E0049000 CID B105F00D PID 001BB101 TSG
T4538 000:425.010   CPU_ReadMem(32 bytes @ 0xE0040FE0)
T4538 000:426.018   CPU_ReadMem(4 bytes @ 0xE0040FBC)
T4538 000:426.702   CPU_ReadMem(4 bytes @ 0xE0040FCC)
T4538 000:427.369   [0][4]: E0040000 CID B105900D PID 000BBD21 DEVARCH 00000000 DEVTYPE 11 TPIU
T4538 000:427.427   CPU_ReadMem(32 bytes @ 0xE00FFFE0)
T4538 000:428.411   [0][5]: E00FF000 CID B105100D PID 000BB4C9 ROM Table
T4538 000:428.453   ROMTbl[1] @ E00FF000
T4538 000:428.475   CPU_ReadMem(64 bytes @ 0xE00FF000)
T4538 000:429.987   CPU_ReadMem(32 bytes @ 0xE000EFE0)
T4538 000:431.083   CPU_ReadMem(4 bytes @ 0xE000EFBC)
T4538 000:431.834   CPU_ReadMem(4 bytes @ 0xE000EFCC)
T4538 000:432.583   [1][0]: E000E000 CID B105900D PID 000BBD21 DEVARCH 47702A04 DEVTYPE 00 Cortex-M33
T4538 000:432.608   CPU_ReadMem(32 bytes @ 0xE0001FE0)
T4538 000:433.673   CPU_ReadMem(4 bytes @ 0xE0001FBC)
T4538 000:434.409   CPU_ReadMem(4 bytes @ 0xE0001FCC)
T4538 000:435.175   [1][1]: E0001000 CID B105900D PID 000BBD21 DEVARCH 47701A02 DEVTYPE 00 DWT
T4538 000:435.234   CPU_ReadMem(32 bytes @ 0xE0002FE0)
T4538 000:436.326   CPU_ReadMem(4 bytes @ 0xE0002FBC)
T4538 000:437.037   CPU_ReadMem(4 bytes @ 0xE0002FCC)
T4538 000:437.697   [1][2]: E0002000 CID B105900D PID 000BBD21 DEVARCH 47701A03 DEVTYPE 00 FPB
T4538 000:437.724   CPU_ReadMem(32 bytes @ 0xE0000FE0)
T4538 000:438.778   CPU_ReadMem(4 bytes @ 0xE0000FBC)
T4538 000:439.602   CPU_ReadMem(4 bytes @ 0xE0000FCC)
T4538 000:440.286   [1][3]: E0000000 CID B105900D PID 000BBD21 DEVARCH 47701A01 DEVTYPE 43 ITM
T4538 000:440.316   CPU_ReadMem(32 bytes @ 0xE0041FE0)
T4538 000:441.309   CPU_ReadMem(4 bytes @ 0xE0041FBC)
T4538 000:442.039   CPU_ReadMem(4 bytes @ 0xE0041FCC)
T4538 000:442.745   [1][5]: E0041000 CID B105900D PID 002BBD21 DEVARCH 47724A13 DEVTYPE 13 ETM
T4538 000:442.783   CPU_ReadMem(32 bytes @ 0xE0042FE0)
T4538 000:443.810   CPU_ReadMem(4 bytes @ 0xE0042FBC)
T4538 000:444.642   CPU_ReadMem(4 bytes @ 0xE0042FCC)
T4538 000:445.380   [1][6]: E0042000 CID B105900D PID 000BBD21 DEVARCH 47701A14 DEVTYPE 14 CSS600-CTI
T4538 000:445.517   CPU_ReadMem(4 bytes @ 0xE000EDF0)
T4538 000:446.267   Data:  03 00 13 00
T4538 000:446.313   Debug reg: DHCSR
T4538 000:446.339 - 67.970ms returns 0
T4538 000:446.394 JLINK_ReadMem(0x400E002C, 0x4 Bytes, ...)
T4538 000:446.425   CPU_ReadMem(4 bytes @ 0x400E002C)
T4538 000:447.159   Data:  02 00 00 00
T4538 000:447.195 - 0.801ms returns 0
T4538 000:447.350 JLINK_ReadMem(0xE000EDF0, 0x4 Bytes, ...)
T4538 000:447.390   CPU_ReadMem(4 bytes @ 0xE000EDF0)
T4538 000:448.120   Data:  03 00 13 00
T4538 000:448.156   Debug reg: DHCSR
T4538 000:448.180 - 0.830ms returns 0
T4538 000:448.268 JLINK_ReadMem(0xE000EDF0, 0x4 Bytes, ...)
T4538 000:448.294   CPU_ReadMem(4 bytes @ 0xE000EDF0)
T4538 000:449.016   Data:  03 00 13 00
T4538 000:449.043   Debug reg: DHCSR
T4538 000:449.067 - 0.799ms returns 0
T4538 000:449.089 JLINK_ReadMem(0x400E001C, 0x4 Bytes, ...)
T4538 000:449.111   CPU_ReadMem(4 bytes @ 0x400E001C)
T4538 000:449.831   Data:  00 FC FF 00
T4538 000:449.859 - 0.770ms returns 0
T4538 000:449.886 JLINK_ReadMem(0xE000EDF0, 0x4 Bytes, ...)
T4538 000:449.906   CPU_ReadMem(4 bytes @ 0xE000EDF0)
T4538 000:450.725   Data:  03 00 13 00
T4538 000:450.801   Debug reg: DHCSR
T4538 000:450.826 - 0.939ms returns 0
T4538 000:450.858 JLINK_ReadMem(0x400E0018, 0x4 Bytes, ...)
T4538 000:450.888   CPU_ReadMem(4 bytes @ 0x400E0018)
T4538 000:451.564   Data:  00 80 FF 00
T4538 000:451.619 - 0.760ms returns 0
T4538 000:451.658 JLINK_ReadMem(0xE000EDF0, 0x4 Bytes, ...)
T4538 000:451.685   CPU_ReadMem(4 bytes @ 0xE000EDF0)
T4538 000:452.373   Data:  03 00 13 00
T4538 000:452.415   Debug reg: DHCSR
T4538 000:452.440 - 0.782ms returns 0
T4538 000:452.467 JLINK_ReadMem(0x400E0020, 0x4 Bytes, ...)
T4538 000:452.489   CPU_ReadMem(4 bytes @ 0x400E0020)
T4538 000:453.193   Data:  00 FC 00 00
T4538 000:453.226 - 0.760ms returns 0
T4538 000:453.271 JLINK_ReadMem(0xE000EDF0, 0x4 Bytes, ...)
T4538 000:453.293   CPU_ReadMem(4 bytes @ 0xE000EDF0)
T4538 000:453.983   Data:  03 00 13 00
T4538 000:454.015   Debug reg: DHCSR
T4538 000:454.037 - 0.767ms returns 0
T4538 000:454.059 JLINK_ReadMem(0x400E0028, 0x4 Bytes, ...)
T4538 000:454.079   CPU_ReadMem(4 bytes @ 0x400E0028)
T4538 000:454.783   Data:  00 FC 1F 00
T4538 000:454.810 - 0.750ms returns 0
T4538 000:454.836 JLINK_ReadMem(0xE000EDF0, 0x4 Bytes, ...)
T4538 000:454.855   CPU_ReadMem(4 bytes @ 0xE000EDF0)
T4538 000:455.611   Data:  03 00 13 00
T4538 000:455.635   Debug reg: DHCSR
T4538 000:455.657 - 0.821ms returns 0
T4538 000:455.677 JLINK_ReadMem(0x400E0024, 0x4 Bytes, ...)
T4538 000:455.695   CPU_ReadMem(4 bytes @ 0x400E0024)
T4538 000:456.360   Data:  00 E0 1F 00
T4538 000:456.385 - 0.708ms returns 0
T4538 000:456.412 JLINK_ReadMem(0xE000EDF0, 0x4 Bytes, ...)
T4538 000:456.431   CPU_ReadMem(4 bytes @ 0xE000EDF0)
T4538 000:457.137   Data:  03 00 13 00
T4538 000:457.162   Debug reg: DHCSR
T4538 000:457.184 - 0.772ms returns 0
T4538 000:457.204 JLINK_ReadMem(0x400E002C, 0x4 Bytes, ...)
T4538 000:457.221   CPU_ReadMem(4 bytes @ 0x400E002C)
T4538 000:457.917   Data:  02 00 00 00
T4538 000:457.979 - 0.774ms returns 0
T4538 000:458.015 JLINK_ReadMem(0xE000EDF0, 0x4 Bytes, ...)
T4538 000:458.043   CPU_ReadMem(4 bytes @ 0xE000EDF0)
T4538 000:458.709   Data:  03 00 13 00
T4538 000:458.755   Debug reg: DHCSR
T4538 000:458.850 - 0.834ms returns 0
T4538 000:458.874 JLINK_ReadMem(0x400E002C, 0x4 Bytes, ...)
T4538 000:458.898   CPU_ReadMem(4 bytes @ 0x400E002C)
T4538 000:459.656   Data:  02 00 00 00
T4538 000:459.683 - 0.808ms returns 0
T4538 000:462.747 JLINK_Close()
T4538 000:479.531 - 16.781ms
T4538 000:479.629   
T4538 000:479.649   Closed
